<?xml version="1.0" encoding="UTF-8"?>
<!-- Generated by org.testng.reporters.JUnitXMLReporter -->
<testsuite ignored="0" hostname="pro-Vasudevan" failures="0" tests="6" name="SparkReport" time="29.165" errors="0" timestamp="2022-07-29T12:46:49 IST">
  <testcase classname="SparkReport.Utility" name="Homepage" time="4.521"/>
  <testcase classname="SparkReport.Utility" name="loginpage" time="9.599"/>
  <testcase classname="SparkReport.Utility" name="forgetpassword" time="7.609"/>
  <testcase classname="SparkReport.Utility" name="emailsubmittion" time="2.102"/>
  <testcase classname="SparkReport.Utility" name="eye" time="2.87"/>
  <testcase classname="SparkReport.Utility" name="hidepassword" time="2.039"/>
</testsuite> <!-- SparkReport -->
