<?xml version="1.0" encoding="UTF-8"?>
<testng-results ignored="0" total="6" passed="6" failed="0" skipped="0">
  <reporter-output>
  </reporter-output>
  <suite started-at="2022-07-29T07:19:52Z" name="Suite1" finished-at="2022-07-29T07:20:09Z" duration-ms="17136">
    <groups>
    </groups>
    <test started-at="2022-07-29T07:19:52Z" name="SparkReport" finished-at="2022-07-29T07:20:09Z" duration-ms="17136">
      <class name="SparkReport.Utility">
        <test-method is-config="true" signature="launchbrowser()[pri:0, instance:SparkReport.Utility@3daf7722]" started-at="2022-07-29T07:19:41Z" name="launchbrowser" finished-at="2022-07-29T07:19:52Z" duration-ms="10259" status="PASS">
          <reporter-output>
          </reporter-output>
        </test-method> <!-- launchbrowser -->
        <test-method signature="Homepage()[pri:1, instance:SparkReport.Utility@3daf7722]" started-at="2022-07-29T07:19:52Z" name="Homepage" finished-at="2022-07-29T07:19:55Z" duration-ms="3321" status="PASS">
          <reporter-output>
          </reporter-output>
        </test-method> <!-- Homepage -->
        <test-method signature="loginpage()[pri:2, instance:SparkReport.Utility@3daf7722]" started-at="2022-07-29T07:19:55Z" name="loginpage" finished-at="2022-07-29T07:20:00Z" duration-ms="5542" status="PASS">
          <reporter-output>
          </reporter-output>
        </test-method> <!-- loginpage -->
        <test-method signature="forgetpassword()[pri:3, instance:SparkReport.Utility@3daf7722]" started-at="2022-07-29T07:20:00Z" name="forgetpassword" finished-at="2022-07-29T07:20:02Z" duration-ms="2075" status="PASS">
          <reporter-output>
          </reporter-output>
        </test-method> <!-- forgetpassword -->
        <test-method signature="emailsubmittion()[pri:4, instance:SparkReport.Utility@3daf7722]" started-at="2022-07-29T07:20:02Z" name="emailsubmittion" finished-at="2022-07-29T07:20:05Z" duration-ms="2092" status="PASS">
          <reporter-output>
          </reporter-output>
        </test-method> <!-- emailsubmittion -->
        <test-method signature="eye()[pri:5, instance:SparkReport.Utility@3daf7722]" started-at="2022-07-29T07:20:05Z" name="eye" finished-at="2022-07-29T07:20:07Z" duration-ms="2049" status="PASS">
          <reporter-output>
          </reporter-output>
        </test-method> <!-- eye -->
        <test-method signature="hidepassword()[pri:6, instance:SparkReport.Utility@3daf7722]" started-at="2022-07-29T07:20:07Z" name="hidepassword" finished-at="2022-07-29T07:20:09Z" duration-ms="2047" status="PASS">
          <reporter-output>
          </reporter-output>
        </test-method> <!-- hidepassword -->
        <test-method is-config="true" signature="teardown()[pri:0, instance:SparkReport.Utility@3daf7722]" started-at="2022-07-29T07:20:09Z" name="teardown" finished-at="2022-07-29T07:20:09Z" duration-ms="148" status="PASS">
          <reporter-output>
          </reporter-output>
        </test-method> <!-- teardown -->
      </class> <!-- SparkReport.Utility -->
    </test> <!-- SparkReport -->
  </suite> <!-- Suite1 -->
</testng-results>
