<?xml version="1.0" encoding="UTF-8"?>
<testng-results ignored="0" total="6" passed="6" failed="0" skipped="0">
  <reporter-output>
  </reporter-output>
  <suite started-at="2022-07-29T12:46:14 IST" name="Suite1" finished-at="2022-07-29T12:46:43 IST" duration-ms="29165">
    <groups>
    </groups>
    <test started-at="2022-07-29T12:46:14 IST" name="SparkReport" finished-at="2022-07-29T12:46:43 IST" duration-ms="29165">
      <class name="SparkReport.Utility">
        <test-method is-config="true" signature="launchbrowser()[pri:0, instance:SparkReport.Utility@1ed4ae0f]" started-at="2022-07-29T12:45:49 IST" name="launchbrowser" finished-at="2022-07-29T12:46:14 IST" duration-ms="24862" status="PASS">
          <reporter-output>
          </reporter-output>
        </test-method> <!-- launchbrowser -->
        <test-method signature="Homepage()[pri:1, instance:SparkReport.Utility@1ed4ae0f]" started-at="2022-07-29T12:46:14 IST" name="Homepage" finished-at="2022-07-29T12:46:19 IST" duration-ms="4521" status="PASS">
          <reporter-output>
          </reporter-output>
        </test-method> <!-- Homepage -->
        <test-method signature="loginpage()[pri:2, instance:SparkReport.Utility@1ed4ae0f]" started-at="2022-07-29T12:46:19 IST" name="loginpage" finished-at="2022-07-29T12:46:28 IST" duration-ms="9599" status="PASS">
          <reporter-output>
          </reporter-output>
        </test-method> <!-- loginpage -->
        <test-method signature="forgetpassword()[pri:3, instance:SparkReport.Utility@1ed4ae0f]" started-at="2022-07-29T12:46:28 IST" name="forgetpassword" finished-at="2022-07-29T12:46:36 IST" duration-ms="7609" status="PASS">
          <reporter-output>
          </reporter-output>
        </test-method> <!-- forgetpassword -->
        <test-method signature="emailsubmittion()[pri:4, instance:SparkReport.Utility@1ed4ae0f]" started-at="2022-07-29T12:46:36 IST" name="emailsubmittion" finished-at="2022-07-29T12:46:38 IST" duration-ms="2102" status="PASS">
          <reporter-output>
          </reporter-output>
        </test-method> <!-- emailsubmittion -->
        <test-method signature="eye()[pri:5, instance:SparkReport.Utility@1ed4ae0f]" started-at="2022-07-29T12:46:38 IST" name="eye" finished-at="2022-07-29T12:46:41 IST" duration-ms="2870" status="PASS">
          <reporter-output>
          </reporter-output>
        </test-method> <!-- eye -->
        <test-method signature="hidepassword()[pri:6, instance:SparkReport.Utility@1ed4ae0f]" started-at="2022-07-29T12:46:41 IST" name="hidepassword" finished-at="2022-07-29T12:46:43 IST" duration-ms="2039" status="PASS">
          <reporter-output>
          </reporter-output>
        </test-method> <!-- hidepassword -->
        <test-method is-config="true" signature="teardown()[pri:0, instance:SparkReport.Utility@1ed4ae0f]" started-at="2022-07-29T12:46:50 IST" name="teardown" finished-at="2022-07-29T12:47:04 IST" duration-ms="13573" status="PASS">
          <reporter-output>
          </reporter-output>
        </test-method> <!-- teardown -->
      </class> <!-- SparkReport.Utility -->
    </test> <!-- SparkReport -->
  </suite> <!-- Suite1 -->
</testng-results>
